<?xml version="1.0" encoding="UTF-8"?>
<!-- Generated by org.testng.reporters.JUnitXMLReporter -->
<testsuite ignored="0" hostname="01HW1842040" failures="0" tests="3" name="Default test" time="5.491" errors="0" timestamp="2023-11-04T01:39:39 IST">
  <testcase classname="com.sdn.facebook.testcases.FacebookHomePageVerification" name="titleVerify" time="0.01"/>
  <testcase classname="com.sdn.facebook.testcases.FacebookHomePageVerification" name="logoVerify" time="0.057"/>
  <testcase classname="com.sdn.facebook.testcases.FacebookHomePageVerification" name="buttonVerify" time="0.025"/>
</testsuite> <!-- Default test -->
