<?xml version="1.0" encoding="UTF-8"?>
<!-- Generated by org.testng.reporters.JUnitXMLReporter -->
<testsuite ignored="0" hostname="01HW1842040" failures="0" tests="3" name="Default test" time="5.447" errors="0" timestamp="2023-10-24T01:31:46 IST">
  <testcase classname="com.sdn.gitbash.InitializeTestGitBash" name="openBrowser" time="4.906"/>
  <testcase classname="com.sdn.gitbash.InitializeTestGitBash" name="takeScreenshot" time="0.2"/>
  <testcase classname="com.sdn.gitbash.InitializeTestGitBash" name="verifyLoginPage" time="0.044"/>
</testsuite> <!-- Default test -->
