<?xml version="1.0" encoding="UTF-8"?>
<testng-results ignored="0" total="3" passed="3" failed="0" skipped="0">
  <reporter-output>
  </reporter-output>
  <suite started-at="2023-10-24T01:31:41 IST" name="Default suite" finished-at="2023-10-24T01:31:46 IST" duration-ms="5447">
    <groups>
    </groups>
    <test started-at="2023-10-24T01:31:41 IST" name="Default test" finished-at="2023-10-24T01:31:46 IST" duration-ms="5447">
      <class name="com.sdn.gitbash.InitializeTestGitBash">
        <test-method signature="openBrowser()[pri:0, instance:com.sdn.gitbash.InitializeTestGitBash@6cd28fa7]" started-at="2023-10-24T01:31:41 IST" name="openBrowser" finished-at="2023-10-24T01:31:46 IST" duration-ms="4906" status="PASS">
          <reporter-output>
          </reporter-output>
        </test-method> <!-- openBrowser -->
        <test-method signature="takeScreenshot()[pri:0, instance:com.sdn.gitbash.InitializeTestGitBash@6cd28fa7]" started-at="2023-10-24T01:31:46 IST" name="takeScreenshot" finished-at="2023-10-24T01:31:46 IST" duration-ms="200" status="PASS">
          <reporter-output>
          </reporter-output>
        </test-method> <!-- takeScreenshot -->
        <test-method signature="verifyLoginPage()[pri:0, instance:com.sdn.gitbash.InitializeTestGitBash@6cd28fa7]" started-at="2023-10-24T01:31:46 IST" name="verifyLoginPage" finished-at="2023-10-24T01:31:46 IST" duration-ms="44" status="PASS">
          <reporter-output>
          </reporter-output>
        </test-method> <!-- verifyLoginPage -->
        <test-method is-config="true" signature="tearDown()[pri:0, instance:com.sdn.gitbash.InitializeTestGitBash@6cd28fa7]" started-at="2023-10-24T01:31:46 IST" name="tearDown" finished-at="2023-10-24T01:31:46 IST" duration-ms="263" status="PASS">
          <reporter-output>
          </reporter-output>
        </test-method> <!-- tearDown -->
      </class> <!-- com.sdn.gitbash.InitializeTestGitBash -->
    </test> <!-- Default test -->
  </suite> <!-- Default suite -->
</testng-results>
