<?xml version="1.0" encoding="UTF-8"?>
<testng-results ignored="0" total="3" passed="3" failed="0" skipped="0">
  <reporter-output>
  </reporter-output>
  <suite started-at="2023-11-04T01:39:34 IST" name="Default suite" finished-at="2023-11-04T01:39:39 IST" duration-ms="5491">
    <groups>
    </groups>
    <test started-at="2023-11-04T01:39:34 IST" name="Default test" finished-at="2023-11-04T01:39:39 IST" duration-ms="5491">
      <class name="com.sdn.facebook.testcases.FacebookHomePageVerification">
        <test-method is-config="true" signature="launchBrowser()[pri:0, instance:com.sdn.facebook.testcases.FacebookHomePageVerification@66f57048]" started-at="2023-11-04T01:39:34 IST" name="launchBrowser" finished-at="2023-11-04T01:39:39 IST" duration-ms="4836" status="PASS">
          <reporter-output>
          </reporter-output>
        </test-method> <!-- launchBrowser -->
        <test-method signature="titleVerify()[pri:0, instance:com.sdn.facebook.testcases.FacebookHomePageVerification@66f57048]" started-at="2023-11-04T01:39:39 IST" name="titleVerify" finished-at="2023-11-04T01:39:39 IST" duration-ms="10" status="PASS">
          <reporter-output>
          </reporter-output>
        </test-method> <!-- titleVerify -->
        <test-method signature="logoVerify()[pri:1, instance:com.sdn.facebook.testcases.FacebookHomePageVerification@66f57048]" started-at="2023-11-04T01:39:39 IST" name="logoVerify" finished-at="2023-11-04T01:39:39 IST" duration-ms="57" status="PASS">
          <reporter-output>
          </reporter-output>
        </test-method> <!-- logoVerify -->
        <test-method signature="buttonVerify()[pri:2, instance:com.sdn.facebook.testcases.FacebookHomePageVerification@66f57048]" started-at="2023-11-04T01:39:39 IST" name="buttonVerify" finished-at="2023-11-04T01:39:39 IST" duration-ms="25" status="PASS">
          <reporter-output>
          </reporter-output>
        </test-method> <!-- buttonVerify -->
        <test-method is-config="true" signature="tearDown()[pri:0, instance:com.sdn.facebook.testcases.FacebookHomePageVerification@66f57048]" started-at="2023-11-04T01:39:39 IST" name="tearDown" finished-at="2023-11-04T01:39:39 IST" duration-ms="536" status="PASS">
          <reporter-output>
          </reporter-output>
        </test-method> <!-- tearDown -->
      </class> <!-- com.sdn.facebook.testcases.FacebookHomePageVerification -->
    </test> <!-- Default test -->
  </suite> <!-- Default suite -->
</testng-results>
